::1 - - [Mon, 16 Oct 2017 20:32:53 GMT] "GET / HTTP/1.1" 304 - "-" "Mozilla/5.0 (Windows NT 10.0; Win64; x64) AppleWebKit/537.36 (KHTML, like Gecko) Chrome/61.0.3163.100 Safari/537.36"
::1 - - [Mon, 16 Oct 2017 20:32:53 GMT] "GET /favicon.ico HTTP/1.1" 304 - "http://localhost:3000/" "Mozilla/5.0 (Windows NT 10.0; Win64; x64) AppleWebKit/537.36 (KHTML, like Gecko) Chrome/61.0.3163.100 Safari/537.36"
::1 - - [Mon, 16 Oct 2017 20:36:11 GMT] "GET / HTTP/1.1" 200 1777 "-" "Mozilla/5.0 (Windows NT 10.0; Win64; x64) AppleWebKit/537.36 (KHTML, like Gecko) Chrome/61.0.3163.100 Safari/537.36"
::1 - - [Mon, 16 Oct 2017 20:36:11 GMT] "GET /app/services/queryService.js HTTP/1.1" 200 1777 "http://localhost:3000/" "Mozilla/5.0 (Windows NT 10.0; Win64; x64) AppleWebKit/537.36 (KHTML, like Gecko) Chrome/61.0.3163.100 Safari/537.36"
::1 - - [Mon, 16 Oct 2017 20:36:12 GMT] "GET /favicon.ico HTTP/1.1" 200 1777 "http://localhost:3000/" "Mozilla/5.0 (Windows NT 10.0; Win64; x64) AppleWebKit/537.36 (KHTML, like Gecko) Chrome/61.0.3163.100 Safari/537.36"
::1 - - [Mon, 16 Oct 2017 20:37:38 GMT] "GET / HTTP/1.1" 304 - "-" "Mozilla/5.0 (Windows NT 10.0; Win64; x64) AppleWebKit/537.36 (KHTML, like Gecko) Chrome/61.0.3163.100 Safari/537.36"
::1 - - [Mon, 16 Oct 2017 20:37:38 GMT] "GET /favicon.ico HTTP/1.1" 304 - "http://localhost:3000/" "Mozilla/5.0 (Windows NT 10.0; Win64; x64) AppleWebKit/537.36 (KHTML, like Gecko) Chrome/61.0.3163.100 Safari/537.36"
::1 - - [Mon, 16 Oct 2017 20:37:41 GMT] "GET /favicon.ico HTTP/1.1" 304 - "http://localhost:3000/new" "Mozilla/5.0 (Windows NT 10.0; Win64; x64) AppleWebKit/537.36 (KHTML, like Gecko) Chrome/61.0.3163.100 Safari/537.36"
::1 - - [Mon, 16 Oct 2017 21:05:05 GMT] "GET / HTTP/1.1" 304 - "-" "Mozilla/5.0 (Windows NT 10.0; Win64; x64) AppleWebKit/537.36 (KHTML, like Gecko) Chrome/61.0.3163.100 Safari/537.36"
::1 - - [Mon, 16 Oct 2017 21:05:06 GMT] "GET /favicon.ico HTTP/1.1" 304 - "http://localhost:3000/" "Mozilla/5.0 (Windows NT 10.0; Win64; x64) AppleWebKit/537.36 (KHTML, like Gecko) Chrome/61.0.3163.100 Safari/537.36"
::1 - - [Mon, 16 Oct 2017 21:08:44 GMT] "GET / HTTP/1.1" 304 - "-" "Mozilla/5.0 (Windows NT 10.0; Win64; x64) AppleWebKit/537.36 (KHTML, like Gecko) Chrome/61.0.3163.100 Safari/537.36"
::1 - - [Mon, 16 Oct 2017 21:08:45 GMT] "GET / HTTP/1.1" 304 - "-" "Mozilla/5.0 (Windows NT 10.0; Win64; x64) AppleWebKit/537.36 (KHTML, like Gecko) Chrome/61.0.3163.100 Safari/537.36"
::1 - - [Mon, 16 Oct 2017 21:08:45 GMT] "GET /favicon.ico HTTP/1.1" 304 - "http://localhost:3000/" "Mozilla/5.0 (Windows NT 10.0; Win64; x64) AppleWebKit/537.36 (KHTML, like Gecko) Chrome/61.0.3163.100 Safari/537.36"
::1 - - [Mon, 16 Oct 2017 21:09:17 GMT] "GET / HTTP/1.1" 304 - "-" "Mozilla/5.0 (Windows NT 10.0; Win64; x64) AppleWebKit/537.36 (KHTML, like Gecko) Chrome/61.0.3163.100 Safari/537.36"
::1 - - [Mon, 16 Oct 2017 21:09:18 GMT] "GET /favicon.ico HTTP/1.1" 304 - "http://localhost:3000/" "Mozilla/5.0 (Windows NT 10.0; Win64; x64) AppleWebKit/537.36 (KHTML, like Gecko) Chrome/61.0.3163.100 Safari/537.36"
::1 - - [Mon, 16 Oct 2017 21:09:21 GMT] "GET / HTTP/1.1" 304 - "-" "Mozilla/5.0 (Windows NT 10.0; Win64; x64) AppleWebKit/537.36 (KHTML, like Gecko) Chrome/61.0.3163.100 Safari/537.36"
::1 - - [Mon, 16 Oct 2017 21:09:22 GMT] "GET /favicon.ico HTTP/1.1" 304 - "http://localhost:3000/" "Mozilla/5.0 (Windows NT 10.0; Win64; x64) AppleWebKit/537.36 (KHTML, like Gecko) Chrome/61.0.3163.100 Safari/537.36"
::ffff:127.0.0.1 - - [Mon, 16 Oct 2017 21:09:35 GMT] "GET / HTTP/1.1" 304 - "-" "Mozilla/5.0 (Windows NT 10.0; Win64; x64) AppleWebKit/537.36 (KHTML, like Gecko) Chrome/61.0.3163.100 Safari/537.36"
::1 - - [Mon, 16 Oct 2017 21:09:36 GMT] "GET /favicon.ico HTTP/1.1" 304 - "http://localhost:3000/" "Mozilla/5.0 (Windows NT 10.0; Win64; x64) AppleWebKit/537.36 (KHTML, like Gecko) Chrome/61.0.3163.100 Safari/537.36"
::1 - - [Mon, 16 Oct 2017 21:10:03 GMT] "GET / HTTP/1.1" 304 - "-" "Mozilla/5.0 (Windows NT 10.0; Win64; x64) AppleWebKit/537.36 (KHTML, like Gecko) Chrome/61.0.3163.100 Safari/537.36"
::ffff:127.0.0.1 - - [Mon, 16 Oct 2017 21:10:04 GMT] "GET /favicon.ico HTTP/1.1" 304 - "http://localhost:3000/" "Mozilla/5.0 (Windows NT 10.0; Win64; x64) AppleWebKit/537.36 (KHTML, like Gecko) Chrome/61.0.3163.100 Safari/537.36"
::1 - - [Mon, 16 Oct 2017 21:10:31 GMT] "GET /favicon.ico HTTP/1.1" 304 - "http://localhost:3000/new" "Mozilla/5.0 (Windows NT 10.0; Win64; x64) AppleWebKit/537.36 (KHTML, like Gecko) Chrome/61.0.3163.100 Safari/537.36"
::1 - - [Mon, 16 Oct 2017 21:11:03 GMT] "GET /new HTTP/1.1" 200 1777 "-" "Mozilla/5.0 (Windows NT 10.0; Win64; x64) AppleWebKit/537.36 (KHTML, like Gecko) Chrome/61.0.3163.100 Safari/537.36"
::1 - - [Mon, 16 Oct 2017 21:11:03 GMT] "GET /favicon.ico HTTP/1.1" 304 - "http://localhost:3000/new" "Mozilla/5.0 (Windows NT 10.0; Win64; x64) AppleWebKit/537.36 (KHTML, like Gecko) Chrome/61.0.3163.100 Safari/537.36"
::1 - - [Mon, 16 Oct 2017 21:11:24 GMT] "GET /new HTTP/1.1" 304 - "-" "Mozilla/5.0 (Windows NT 10.0; Win64; x64) AppleWebKit/537.36 (KHTML, like Gecko) Chrome/61.0.3163.100 Safari/537.36"
::1 - - [Mon, 16 Oct 2017 21:11:24 GMT] "GET /favicon.ico HTTP/1.1" 304 - "http://localhost:3000/new" "Mozilla/5.0 (Windows NT 10.0; Win64; x64) AppleWebKit/537.36 (KHTML, like Gecko) Chrome/61.0.3163.100 Safari/537.36"
::1 - - [Mon, 16 Oct 2017 21:11:36 GMT] "GET /new HTTP/1.1" 304 - "-" "Mozilla/5.0 (Windows NT 10.0; Win64; x64) AppleWebKit/537.36 (KHTML, like Gecko) Chrome/61.0.3163.100 Safari/537.36"
::1 - - [Mon, 16 Oct 2017 21:11:37 GMT] "GET /favicon.ico HTTP/1.1" 304 - "http://localhost:3000/new" "Mozilla/5.0 (Windows NT 10.0; Win64; x64) AppleWebKit/537.36 (KHTML, like Gecko) Chrome/61.0.3163.100 Safari/537.36"
::1 - - [Mon, 16 Oct 2017 21:11:54 GMT] "GET /new HTTP/1.1" 304 - "-" "Mozilla/5.0 (Windows NT 10.0; Win64; x64) AppleWebKit/537.36 (KHTML, like Gecko) Chrome/61.0.3163.100 Safari/537.36"
::1 - - [Mon, 16 Oct 2017 21:11:54 GMT] "GET /favicon.ico HTTP/1.1" 304 - "http://localhost:3000/new" "Mozilla/5.0 (Windows NT 10.0; Win64; x64) AppleWebKit/537.36 (KHTML, like Gecko) Chrome/61.0.3163.100 Safari/537.36"
::1 - - [Mon, 16 Oct 2017 21:12:27 GMT] "GET /new HTTP/1.1" 304 - "-" "Mozilla/5.0 (Windows NT 10.0; Win64; x64) AppleWebKit/537.36 (KHTML, like Gecko) Chrome/61.0.3163.100 Safari/537.36"
::1 - - [Mon, 16 Oct 2017 21:12:28 GMT] "GET /favicon.ico HTTP/1.1" 304 - "http://localhost:3000/new" "Mozilla/5.0 (Windows NT 10.0; Win64; x64) AppleWebKit/537.36 (KHTML, like Gecko) Chrome/61.0.3163.100 Safari/537.36"
::1 - - [Mon, 16 Oct 2017 21:12:39 GMT] "GET /new HTTP/1.1" 304 - "-" "Mozilla/5.0 (Windows NT 10.0; Win64; x64) AppleWebKit/537.36 (KHTML, like Gecko) Chrome/61.0.3163.100 Safari/537.36"
::1 - - [Mon, 16 Oct 2017 21:12:40 GMT] "GET /favicon.ico HTTP/1.1" 304 - "http://localhost:3000/new" "Mozilla/5.0 (Windows NT 10.0; Win64; x64) AppleWebKit/537.36 (KHTML, like Gecko) Chrome/61.0.3163.100 Safari/537.36"
::1 - - [Mon, 16 Oct 2017 21:12:54 GMT] "GET /new HTTP/1.1" 304 - "-" "Mozilla/5.0 (Windows NT 10.0; Win64; x64) AppleWebKit/537.36 (KHTML, like Gecko) Chrome/61.0.3163.100 Safari/537.36"
::1 - - [Mon, 16 Oct 2017 21:12:54 GMT] "GET /favicon.ico HTTP/1.1" 304 - "http://localhost:3000/new" "Mozilla/5.0 (Windows NT 10.0; Win64; x64) AppleWebKit/537.36 (KHTML, like Gecko) Chrome/61.0.3163.100 Safari/537.36"
::1 - - [Mon, 16 Oct 2017 21:13:15 GMT] "GET /new HTTP/1.1" 304 - "-" "Mozilla/5.0 (Windows NT 10.0; Win64; x64) AppleWebKit/537.36 (KHTML, like Gecko) Chrome/61.0.3163.100 Safari/537.36"
::1 - - [Mon, 16 Oct 2017 21:13:15 GMT] "GET /favicon.ico HTTP/1.1" 304 - "http://localhost:3000/new" "Mozilla/5.0 (Windows NT 10.0; Win64; x64) AppleWebKit/537.36 (KHTML, like Gecko) Chrome/61.0.3163.100 Safari/537.36"
::1 - - [Mon, 16 Oct 2017 21:13:33 GMT] "GET /new HTTP/1.1" 304 - "-" "Mozilla/5.0 (Windows NT 10.0; Win64; x64) AppleWebKit/537.36 (KHTML, like Gecko) Chrome/61.0.3163.100 Safari/537.36"
::1 - - [Mon, 16 Oct 2017 21:13:34 GMT] "GET /favicon.ico HTTP/1.1" 304 - "http://localhost:3000/new" "Mozilla/5.0 (Windows NT 10.0; Win64; x64) AppleWebKit/537.36 (KHTML, like Gecko) Chrome/61.0.3163.100 Safari/537.36"
::1 - - [Mon, 16 Oct 2017 21:13:45 GMT] "GET /new HTTP/1.1" 304 - "-" "Mozilla/5.0 (Windows NT 10.0; Win64; x64) AppleWebKit/537.36 (KHTML, like Gecko) Chrome/61.0.3163.100 Safari/537.36"
::1 - - [Mon, 16 Oct 2017 21:13:46 GMT] "GET /favicon.ico HTTP/1.1" 304 - "http://localhost:3000/new" "Mozilla/5.0 (Windows NT 10.0; Win64; x64) AppleWebKit/537.36 (KHTML, like Gecko) Chrome/61.0.3163.100 Safari/537.36"
::1 - - [Mon, 16 Oct 2017 21:14:03 GMT] "GET /new HTTP/1.1" 304 - "-" "Mozilla/5.0 (Windows NT 10.0; Win64; x64) AppleWebKit/537.36 (KHTML, like Gecko) Chrome/61.0.3163.100 Safari/537.36"
::1 - - [Mon, 16 Oct 2017 21:14:04 GMT] "GET /favicon.ico HTTP/1.1" 304 - "http://localhost:3000/new" "Mozilla/5.0 (Windows NT 10.0; Win64; x64) AppleWebKit/537.36 (KHTML, like Gecko) Chrome/61.0.3163.100 Safari/537.36"
::1 - - [Mon, 16 Oct 2017 21:14:28 GMT] "POST /api/orders/?price=%7B%22total%22:%22121212%22,%22down_payment%22:%2222121%22,%22remaining%22:%2212%22%7D HTTP/1.1" 404 151 "http://localhost:3000/new" "Mozilla/5.0 (Windows NT 10.0; Win64; x64) AppleWebKit/537.36 (KHTML, like Gecko) Chrome/61.0.3163.100 Safari/537.36"
::1 - - [Mon, 16 Oct 2017 21:14:28 GMT] "POST /api/orders/?price=%7B%22total%22:%22121212%22,%22down_payment%22:%2222121%22,%22remaining%22:%2212%22%7D HTTP/1.1" 404 151 "http://localhost:3000/new" "Mozilla/5.0 (Windows NT 10.0; Win64; x64) AppleWebKit/537.36 (KHTML, like Gecko) Chrome/61.0.3163.100 Safari/537.36"
::1 - - [Mon, 16 Oct 2017 21:15:12 GMT] "GET /new HTTP/1.1" 304 - "-" "Mozilla/5.0 (Windows NT 10.0; Win64; x64) AppleWebKit/537.36 (KHTML, like Gecko) Chrome/61.0.3163.100 Safari/537.36"
::1 - - [Mon, 16 Oct 2017 21:15:12 GMT] "GET /favicon.ico HTTP/1.1" 304 - "http://localhost:3000/new" "Mozilla/5.0 (Windows NT 10.0; Win64; x64) AppleWebKit/537.36 (KHTML, like Gecko) Chrome/61.0.3163.100 Safari/537.36"
::1 - - [Mon, 16 Oct 2017 21:15:22 GMT] "GET /new HTTP/1.1" 304 - "-" "Mozilla/5.0 (Windows NT 10.0; Win64; x64) AppleWebKit/537.36 (KHTML, like Gecko) Chrome/61.0.3163.100 Safari/537.36"
::1 - - [Mon, 16 Oct 2017 21:15:22 GMT] "GET /favicon.ico HTTP/1.1" 304 - "http://localhost:3000/new" "Mozilla/5.0 (Windows NT 10.0; Win64; x64) AppleWebKit/537.36 (KHTML, like Gecko) Chrome/61.0.3163.100 Safari/537.36"
